<?xml version="1.0" encoding="UTF-8"?>
<!-- Generated by org.testng.reporters.JUnitReportReporter -->
<testsuite hostname="LAPTOP-JE4FKOLB" failures="0" tests="1" name="com.actitime.pom.mainmethodcls" time="10.013" errors="0" timestamp="2022-08-27T15:01:13 IST" skipped="0">
  <testcase classname="com.actitime.pom.mainmethodcls" name="main" time="10.013"/>
  <system-out/>
</testsuite> <!-- com.actitime.pom.mainmethodcls -->
