<?xml version="1.0" encoding="UTF-8"?>
<!-- Generated by org.testng.reporters.JUnitReportReporter -->
<testsuite hostname="LAPTOP-JE4FKOLB" failures="0" tests="1" name="com.actitime.Script.DemoScreanShot" time="5.549" errors="0" timestamp="2022-08-20T14:27:35 IST" skipped="0">
  <testcase classname="com.actitime.Script.DemoScreanShot" name="SCreanSot1" time="5.549"/>
  <system-out/>
</testsuite> <!-- com.actitime.Script.DemoScreanShot -->
