<?xml version="1.0" encoding="UTF-8"?>
<!-- Generated by org.testng.reporters.JUnitReportReporter -->
<testsuite hostname="LAPTOP-JE4FKOLB" failures="0" tests="1" name="com.actitime.Script.mainlogout" time="40.353" errors="0" timestamp="2022-08-23T22:09:53 IST" skipped="0">
  <testcase classname="com.actitime.Script.mainlogout" name="main" time="40.353"/>
  <system-out/>
</testsuite> <!-- com.actitime.Script.mainlogout -->
