<?xml version="1.0" encoding="UTF-8"?>
<!-- Generated by org.testng.reporters.JUnitReportReporter -->
<testsuite hostname="LAPTOP-JE4FKOLB" failures="0" tests="1" name="com.actitime.Script.A" time="0.010" errors="0" timestamp="2022-08-20T11:54:26 IST" skipped="0">
  <testcase classname="com.actitime.Script.A" name="setup" time="0.010"/>
  <system-out>
    <![CDATA[hi]]>
  </system-out>
</testsuite> <!-- com.actitime.Script.A -->
